{
  message: 'Database is Connected Successfully',
  level: 'info',
  service: 'user-service',
  label: 'PH',
  timestamp: '2023-06-12T09:04:05.269Z'
}
{
  message: 'Application listening on port 5000',
  level: 'info',
  service: 'user-service',
  label: 'PH',
  timestamp: '2023-06-12T09:04:05.279Z'
}
{
  message: 'Database is Connected Successfully',
  level: 'info',
  service: 'user-service',
  label: 'PH',
  timestamp: '2023-06-12T09:04:19.733Z'
}
{
  message: 'Application listening on port 5000',
  level: 'info',
  service: 'user-service',
  label: 'PH',
  timestamp: '2023-06-12T09:04:19.744Z'
}
{
  message: 'Database is Connected Successfully',
  level: 'info',
  service: 'user-service',
  label: 'PH',
  timestamp: '2023-06-12T09:04:40.779Z'
}
{
  message: 'Application listening on port 5000',
  level: 'info',
  service: 'user-service',
  label: 'PH',
  timestamp: '2023-06-12T09:04:40.789Z'
}
{
  message: 'Database is Connected Successfully',
  level: 'info',
  service: 'user-service',
  label: 'PH',
  timestamp: '2023-06-12T09:04:50.108Z'
}
{
  message: 'Application listening on port 5000',
  level: 'info',
  service: 'user-service',
  label: 'PH',
  timestamp: '2023-06-12T09:04:50.117Z'
}
{
  message: 'Database is Connected Successfully',
  level: 'info',
  service: 'user-service',
  label: 'PH',
  timestamp: '2023-06-12T09:05:26.660Z'
}
{
  message: 'Application listening on port 5000',
  level: 'info',
  service: 'user-service',
  label: 'PH',
  timestamp: '2023-06-12T09:05:26.670Z'
}
{
  message: 'Database is Connected Successfully',
  level: 'info',
  service: 'user-service',
  label: 'PH',
  timestamp: '2023-06-12T09:06:28.702Z'
}
{
  message: 'Application listening on port 5000',
  level: 'info',
  service: 'user-service',
  label: 'PH',
  timestamp: '2023-06-12T09:06:28.712Z'
}
{
  message: 'Database is Connected Successfully',
  level: 'info',
  service: 'user-service',
  label: 'PH',
  timestamp: '2023-06-12T09:15:04.171Z'
}
{
  message: 'Application listening on port 5000',
  level: 'info',
  service: 'user-service',
  label: 'PH',
  timestamp: '2023-06-12T09:15:04.182Z'
}
{
  message: 'Database is Connected Successfully',
  level: 'info',
  service: 'user-service',
  label: 'PH',
  timestamp: '2023-06-12T09:19:20.544Z'
}
{
  message: 'Application listening on port 5000',
  level: 'info',
  service: 'user-service',
  label: 'PH',
  timestamp: '2023-06-12T09:19:20.555Z'
}
{
  message: 'Database is Connected Successfully',
  level: 'info',
  service: 'user-service',
  label: 'PH',
  timestamp: '2023-06-12T09:21:54.622Z'
}
{
  message: 'Application listening on port 5000',
  level: 'info',
  service: 'user-service',
  label: 'PH',
  timestamp: '2023-06-12T09:21:54.636Z'
}
{
  message: 'Database is Connected Successfully',
  level: 'info',
  service: 'user-service',
  label: 'PH',
  timestamp: '2023-06-12T09:22:00.297Z'
}
{
  message: 'Application listening on port 5000',
  level: 'info',
  service: 'user-service',
  label: 'PH',
  timestamp: '2023-06-12T09:22:00.308Z'
}
{
  message: 'Database is Connected Successfully',
  level: 'info',
  service: 'user-service',
  label: 'PH',
  timestamp: '2023-06-12T09:24:01.018Z'
}
{
  message: 'Application listening on port 5000',
  level: 'info',
  service: 'user-service',
  label: 'PH',
  timestamp: '2023-06-12T09:24:01.118Z'
}
