{
  message: 'Database is Connected Successfully',
  level: 'info',
  service: 'user-service',
  label: 'PH',
  timestamp: '2023-06-10T04:54:06.399Z'
}
{
  message: 'Application listening on port 5000',
  level: 'info',
  service: 'user-service',
  label: 'PH',
  timestamp: '2023-06-10T04:54:06.423Z'
}
{
  message: 'Database is Connected Successfully',
  level: 'info',
  service: 'user-service',
  label: 'PH',
  timestamp: '2023-06-10T04:56:30.044Z'
}
{
  message: 'Application listening on port 5000',
  level: 'info',
  service: 'user-service',
  label: 'PH',
  timestamp: '2023-06-10T04:56:30.069Z'
}
